{
    "numFailedTestSuites": 1,
    "numFailedTests": 1,
    "numPassedTestSuites": 0,
    "numPassedTests": 1,
    "numPendingTestSuites": 0,
    "numPendingTests": 0,
    "numRuntimeErrorTestSuites": 0,
    "numTodoTests": 0,
    "numTotalTestSuites": 1,
    "numTotalTests": 2,
    "openHandles": [],
    "snapshot": {
        "added": 0,
        "didUpdate": false,
        "failure": false,
        "filesAdded": 0,
        "filesRemoved": 0,
        "filesRemovedList": [],
        "filesUnmatched": 0,
        "filesUpdated": 0,
        "matched": 0,
        "total": 0,
        "unchecked": 0,
        "uncheckedKeysByFile": [],
        "unmatched": 0,
        "updated": 0
    },
    "startTime": 1613464996882,
    "success": false,
    "testResults": [
        {
            "leaks": false,
            "numFailingTests": 1,
            "numPassingTests": 1,
            "numPendingTests": 0,
            "numTodoTests": 0,
            "openHandles": [],
            "perfStats": {
                "end": 1613464998424,
                "runtime": 717,
                "slow": false,
                "start": 1613464997707
            },
            "skipped": false,
            "snapshot": {
                "added": 0,
                "fileDeleted": false,
                "matched": 0,
                "unchecked": 0,
                "unmatched": 0,
                "updated": 0,
                "uncheckedKeys": []
            },
            "testFilePath": "C:\\Users\\Christian Wansart\\Programmierung\\jest-json-report-test\\sum.test.js",
            "testResults": [
                {
                    "ancestorTitles": [],
                    "duration": 6,
                    "failureDetails": [],
                    "failureMessages": [],
                    "fullName": "succesfuly test",
                    "location": null,
                    "numPassingAsserts": 0,
                    "status": "passed",
                    "title": "succesfuly test"
                },
                {
                    "ancestorTitles": [],
                    "duration": 4,
                    "failureDetails": [
                        {
                            "actual": "",
                            "error": {
                                "matcherResult": {
                                    "actual": 2,
                                    "expected": 3,
                                    "name": "toBe",
                                    "pass": false
                                }
                            },
                            "expected": "",
                            "matcherName": "",
                            "message": "Error: \u001b[2mexpect(\u001b[22m\u001b[31mreceived\u001b[39m\u001b[2m).\u001b[22mtoBe\u001b[2m(\u001b[22m\u001b[32mexpected\u001b[39m\u001b[2m) // Object.is equality\u001b[22m\n\nExpected: \u001b[32m3\u001b[39m\nReceived: \u001b[31m2\u001b[39m",
                            "passed": false,
                            "stack": "Error: \u001b[2mexpect(\u001b[22m\u001b[31mreceived\u001b[39m\u001b[2m).\u001b[22mtoBe\u001b[2m(\u001b[22m\u001b[32mexpected\u001b[39m\u001b[2m) // Object.is equality\u001b[22m\n\nExpected: \u001b[32m3\u001b[39m\nReceived: \u001b[31m2\u001b[39m\n    at Object.<anonymous> (C:\\Users\\Christian Wansart\\Programmierung\\jest-json-report-test\\sum.test.js:8:22)\n    at Object.asyncJestTest (C:\\Users\\Christian Wansart\\Programmierung\\jest-json-report-test\\node_modules\\jest-jasmine2\\build\\jasmineAsyncInstall.js:106:37)\n    at C:\\Users\\Christian Wansart\\Programmierung\\jest-json-report-test\\node_modules\\jest-jasmine2\\build\\queueRunner.js:45:12\n    at new Promise (<anonymous>)\n    at mapper (C:\\Users\\Christian Wansart\\Programmierung\\jest-json-report-test\\node_modules\\jest-jasmine2\\build\\queueRunner.js:28:19)\n    at C:\\Users\\Christian Wansart\\Programmierung\\jest-json-report-test\\node_modules\\jest-jasmine2\\build\\queueRunner.js:75:41\n    at processTicksAndRejections (internal/process/task_queues.js:93:5)"
                        }
                    ],
                    "failureMessages": [
                        "Error: \u001b[2mexpect(\u001b[22m\u001b[31mreceived\u001b[39m\u001b[2m).\u001b[22mtoBe\u001b[2m(\u001b[22m\u001b[32mexpected\u001b[39m\u001b[2m) // Object.is equality\u001b[22m\n\nExpected: \u001b[32m3\u001b[39m\nReceived: \u001b[31m2\u001b[39m\n    at Object.<anonymous> (C:\\Users\\Christian Wansart\\Programmierung\\jest-json-report-test\\sum.test.js:8:22)\n    at Object.asyncJestTest (C:\\Users\\Christian Wansart\\Programmierung\\jest-json-report-test\\node_modules\\jest-jasmine2\\build\\jasmineAsyncInstall.js:106:37)\n    at C:\\Users\\Christian Wansart\\Programmierung\\jest-json-report-test\\node_modules\\jest-jasmine2\\build\\queueRunner.js:45:12\n    at new Promise (<anonymous>)\n    at mapper (C:\\Users\\Christian Wansart\\Programmierung\\jest-json-report-test\\node_modules\\jest-jasmine2\\build\\queueRunner.js:28:19)\n    at C:\\Users\\Christian Wansart\\Programmierung\\jest-json-report-test\\node_modules\\jest-jasmine2\\build\\queueRunner.js:75:41\n    at processTicksAndRejections (internal/process/task_queues.js:93:5)"
                    ],
                    "fullName": "failed test",
                    "location": null,
                    "numPassingAsserts": 0,
                    "status": "failed",
                    "title": "failed test"
                }
            ],
            "failureMessage": "\u001b[1m\u001b[31m  \u001b[1m● \u001b[22m\u001b[1mfailed test\u001b[39m\u001b[22m\n\n    \u001b[2mexpect(\u001b[22m\u001b[31mreceived\u001b[39m\u001b[2m).\u001b[22mtoBe\u001b[2m(\u001b[22m\u001b[32mexpected\u001b[39m\u001b[2m) // Object.is equality\u001b[22m\n\n    Expected: \u001b[32m3\u001b[39m\n    Received: \u001b[31m2\u001b[39m\n\u001b[2m\u001b[22m\n\u001b[2m    \u001b[0m \u001b[90m 6 |\u001b[39m\u001b[0m\u001b[22m\n\u001b[2m    \u001b[0m \u001b[90m 7 |\u001b[39m test(\u001b[32m'failed test'\u001b[39m\u001b[33m,\u001b[39m () \u001b[33m=>\u001b[39m {\u001b[0m\u001b[22m\n\u001b[2m    \u001b[0m\u001b[31m\u001b[1m>\u001b[22m\u001b[2m\u001b[39m\u001b[90m 8 |\u001b[39m     expect(sum(\u001b[35m1\u001b[39m\u001b[33m,\u001b[39m\u001b[35m1\u001b[39m))\u001b[33m.\u001b[39mtoBe(\u001b[35m3\u001b[39m)\u001b[0m\u001b[22m\n\u001b[2m    \u001b[0m \u001b[90m   |\u001b[39m                      \u001b[31m\u001b[1m^\u001b[22m\u001b[2m\u001b[39m\u001b[0m\u001b[22m\n\u001b[2m    \u001b[0m \u001b[90m 9 |\u001b[39m })\u001b[0m\u001b[22m\n\u001b[2m\u001b[22m\n\u001b[2m      \u001b[2mat Object.<anonymous> (\u001b[22m\u001b[2m\u001b[0m\u001b[36msum.test.js\u001b[39m\u001b[0m\u001b[2m:8:22)\u001b[22m\u001b[2m\u001b[22m\n"
        }
    ],
    "wasInterrupted": false
}